<?xml version="1.0" encoding="UTF-8"?>
<!-- Generated by org.testng.reporters.JUnitReportReporter -->
<testsuite skipped="0" hostname="Naumans-PC" name="com.bestbuy.bestbuycurdtest.StoreCURDTest" tests="5" failures="0" timestamp="2023-01-03T20:31:27 GMT" time="15.737" errors="0">
  <testcase name="test004" time="3.364" classname="com.bestbuy.bestbuycurdtest.StoreCURDTest"/>
  <system-out/>
  <testcase name="test002" time="3.292" classname="com.bestbuy.bestbuycurdtest.StoreCURDTest"/>
  <system-out/>
  <testcase name="test005" time="3.399" classname="com.bestbuy.bestbuycurdtest.StoreCURDTest"/>
  <system-out/>
  <testcase name="test001" time="2.354" classname="com.bestbuy.bestbuycurdtest.StoreCURDTest"/>
  <system-out/>
  <testcase name="test003" time="3.328" classname="com.bestbuy.bestbuycurdtest.StoreCURDTest"/>
  <system-out/>
</testsuite> <!-- com.bestbuy.bestbuycurdtest.StoreCURDTest -->
