<?xml version="1.0" encoding="UTF-8"?>
<!-- Generated by org.testng.reporters.JUnitReportReporter -->
<testsuite skipped="0" hostname="Naumans-PC" name="com.bestbuy.bestbuycurdtest.ProductCURDTest" tests="5" failures="0" timestamp="2023-01-03T20:31:27 GMT" time="16.925" errors="0">
  <testcase name="test004" time="3.572" classname="com.bestbuy.bestbuycurdtest.ProductCURDTest"/>
  <system-out/>
  <testcase name="test003" time="3.540" classname="com.bestbuy.bestbuycurdtest.ProductCURDTest"/>
  <system-out/>
  <testcase name="test001" time="2.693" classname="com.bestbuy.bestbuycurdtest.ProductCURDTest"/>
  <system-out/>
  <testcase name="test002" time="3.510" classname="com.bestbuy.bestbuycurdtest.ProductCURDTest"/>
  <system-out/>
  <testcase name="test005" time="3.610" classname="com.bestbuy.bestbuycurdtest.ProductCURDTest"/>
  <system-out/>
</testsuite> <!-- com.bestbuy.bestbuycurdtest.ProductCURDTest -->
